Atribute Missing, id
All Attributes are present
Atribute Missing, username
All Attributes are present
All Attributes are present
All Validation Successful
All Attributes are present
License Has Issues
All Attributes are present
Username Has Issues
All Attributes are present
All Validation Successful
All Attributes are present
ID Has Issues
All Attributes are present
Time Has Issues
All Attributes are present
All Validation Successful
The Setting Configuration has changed
All Attributes are present
All Validation Successful
No Changes to the settings file
All Attributes are present
All Validation Successful
The Setting Configuration has changed prathik-add 2019-08-30 11:01:17.269170
All Attributes are present
All Validation Successful
No Changes to the settings file
